[2025-10-31T13:36:24.875Z] [INFO] Request: https://affiliate.travelboutiqueonline.com/HotelAPI/Search
{
  "CheckIn": "2025-10-31",
  "CheckOut": "2025-11-01",
  "CityId": "Delhi",
  "CountryCode": "IN",
  "GuestNationality": "IN",
  "PaxRooms": [
    {
      "Adults": 2,
      "Children": 0,
      "ChildrenAges": []
    }
  ],
  "ResponseTime": 23,
  "IsDetailedResponse": true,
  "HotelCodes": [],
  "Filters": {
    "Refundable": false,
    "NoOfRooms": 1,
    "MealType": 0,
    "OrderBy": 0,
    "StarRating": 0
  }
}
[2025-10-31T13:36:25.691Z] [INFO] Response (200): {
  "Status": {
    "Code": 400,
    "Description": "Invalid Request"
  }
}
